# JRE version: OpenJDK Runtime Environment (8.0_152-b01) (build 1.8.0_152-release-915-b01)
# Java VM: OpenJDK 64-Bit Server VM (25.152-b01 mixed mode windows-amd64 compressed oops)
Heap:
 PSYoungGen      total 336384K, used 147234K [0x00000000e0000000, 0x00000000f6a80000, 0x0000000100000000)
  eden space 302592K, 48% used [0x00000000e0000000,0x00000000e8fc8ab8,0x00000000f2780000)
  from space 33792K, 0% used [0x00000000f4980000,0x00000000f4980000,0x00000000f6a80000)
  to   space 34304K, 0% used [0x00000000f2780000,0x00000000f2780000,0x00000000f4900000)
 ParOldGen       total 136704K, used 52689K [0x00000000a0000000, 0x00000000a8580000, 0x00000000e0000000)
  object space 136704K, 38% used [0x00000000a0000000,0x00000000a3374670,0x00000000a8580000)
 Metaspace       used 93115K, capacity 101660K, committed 103296K, reserved 1138688K
  class space    used 11726K, capacity 13840K, committed 14208K, reserved 1048576K
GC Heap History (10 events):
Event: 9108.262 GC heap before
{Heap before GC invocations=69 (full 4):
 PSYoungGen      total 248832K, used 247902K [0x00000000e0000000, 0x00000000f2580000, 0x0000000100000000)
  eden space 228352K, 99% used [0x00000000e0000000,0x00000000ede1c898,0x00000000edf00000)
  from space 20480K, 99% used [0x00000000efa00000,0x00000000f0dfb108,0x00000000f0e00000)
  to   space 27648K, 0% used [0x00000000edf00000,0x00000000edf00000,0x00000000efa00000)
 ParOldGen       total 136704K, used 69387K [0x00000000a0000000, 0x00000000a8580000, 0x00000000e0000000)
  object space 136704K, 50% used [0x00000000a0000000,0x00000000a43c2c00,0x00000000a8580000)
 Metaspace       used 90715K, capacity 99094K, committed 100608K, reserved 1136640K
  class space    used 11471K, capacity 13519K, committed 13824K, reserved 1048576K
Event: 9108.456 GC heap after
Heap after GC invocations=69 (full 4):
 PSYoungGen      total 256000K, used 27634K [0x00000000e0000000, 0x00000000f4280000, 0x0000000100000000)
  eden space 228352K, 0% used [0x00000000e0000000,0x00000000e0000000,0x00000000edf00000)
  from space 27648K, 99% used [0x00000000edf00000,0x00000000ef9fc948,0x00000000efa00000)
  to   space 35840K, 0% used [0x00000000f1f80000,0x00000000f1f80000,0x00000000f4280000)
 ParOldGen       total 136704K, used 82043K [0x00000000a0000000, 0x00000000a8580000, 0x00000000e0000000)
  object space 136704K, 60% used [0x00000000a0000000,0x00000000a501ef20,0x00000000a8580000)
 Metaspace       used 90715K, capacity 99094K, committed 100608K, reserved 1136640K
  class space    used 11471K, capacity 13519K, committed 13824K, reserved 1048576K
}
Event: 9108.497 GC heap before
{Heap before GC invocations=70 (full 4):
 PSYoungGen      total 256000K, used 254965K [0x00000000e0000000, 0x00000000f4280000, 0x0000000100000000)
  eden space 228352K, 99% used [0x00000000e0000000,0x00000000ede00de8,0x00000000edf00000)
  from space 27648K, 99% used [0x00000000edf00000,0x00000000ef9fc948,0x00000000efa00000)
  to   space 35840K, 0% used [0x00000000f1f80000,0x00000000f1f80000,0x00000000f4280000)
 ParOldGen       total 136704K, used 82043K [0x00000000a0000000, 0x00000000a8580000, 0x00000000e0000000)
  object space 136704K, 60% used [0x00000000a0000000,0x00000000a501ef20,0x00000000a8580000)
 Metaspace       used 90715K, capacity 99094K, committed 100608K, reserved 1136640K
  class space    used 11471K, capacity 13519K, committed 13824K, reserved 1048576K
Event: 9108.554 GC heap after
Heap after GC invocations=70 (full 4):
 PSYoungGen      total 293376K, used 23892K [0x00000000e0000000, 0x00000000f4f80000, 0x0000000100000000)
  eden space 257536K, 0% used [0x00000000e0000000,0x00000000e0000000,0x00000000efb80000)
  from space 35840K, 66% used [0x00000000f1f80000,0x00000000f36d52b0,0x00000000f4280000)
  to   space 36864K, 0% used [0x00000000efb80000,0x00000000efb80000,0x00000000f1f80000)
 ParOldGen       total 136704K, used 85351K [0x00000000a0000000, 0x00000000a8580000, 0x00000000e0000000)
  object space 136704K, 62% used [0x00000000a0000000,0x00000000a5359f30,0x00000000a8580000)
 Metaspace       used 90715K, capacity 99094K, committed 100608K, reserved 1136640K
  class space    used 11471K, capacity 13519K, committed 13824K, reserved 1048576K
}
Event: 9154.241 GC heap before
{Heap before GC invocations=71 (full 4):
 PSYoungGen      total 293376K, used 281428K [0x00000000e0000000, 0x00000000f4f80000, 0x0000000100000000)
  eden space 257536K, 100% used [0x00000000e0000000,0x00000000efb80000,0x00000000efb80000)
  from space 35840K, 66% used [0x00000000f1f80000,0x00000000f36d52b0,0x00000000f4280000)
  to   space 36864K, 0% used [0x00000000efb80000,0x00000000efb80000,0x00000000f1f80000)
 ParOldGen       total 136704K, used 85351K [0x00000000a0000000, 0x00000000a8580000, 0x00000000e0000000)
  object space 136704K, 62% used [0x00000000a0000000,0x00000000a5359f30,0x00000000a8580000)
 Metaspace       used 90811K, capacity 99220K, committed 100992K, reserved 1136640K
  class space    used 11486K, capacity 13560K, committed 13952K, reserved 1048576K
Event: 9154.295 GC heap after
Heap after GC invocations=71 (full 4):
 PSYoungGen      total 294400K, used 17708K [0x00000000e0000000, 0x00000000f6b80000, 0x0000000100000000)
  eden space 257536K, 0% used [0x00000000e0000000,0x00000000e0000000,0x00000000efb80000)
  from space 36864K, 48% used [0x00000000efb80000,0x00000000f0ccb208,0x00000000f1f80000)
  to   space 34816K, 0% used [0x00000000f4980000,0x00000000f4980000,0x00000000f6b80000)
 ParOldGen       total 136704K, used 85447K [0x00000000a0000000, 0x00000000a8580000, 0x00000000e0000000)
  object space 136704K, 62% used [0x00000000a0000000,0x00000000a5371f30,0x00000000a8580000)
 Metaspace       used 90811K, capacity 99220K, committed 100992K, reserved 1136640K
  class space    used 11486K, capacity 13560K, committed 13952K, reserved 1048576K
}
Event: 9183.737 GC heap before
{Heap before GC invocations=72 (full 4):
 PSYoungGen      total 294400K, used 62267K [0x00000000e0000000, 0x00000000f6b80000, 0x0000000100000000)
  eden space 257536K, 17% used [0x00000000e0000000,0x00000000e2b83a98,0x00000000efb80000)
  from space 36864K, 48% used [0x00000000efb80000,0x00000000f0ccb208,0x00000000f1f80000)
  to   space 34816K, 0% used [0x00000000f4980000,0x00000000f4980000,0x00000000f6b80000)
 ParOldGen       total 136704K, used 85447K [0x00000000a0000000, 0x00000000a8580000, 0x00000000e0000000)
  object space 136704K, 62% used [0x00000000a0000000,0x00000000a5371f30,0x00000000a8580000)
 Metaspace       used 90828K, capacity 99220K, committed 100992K, reserved 1136640K
  class space    used 11488K, capacity 13560K, committed 13952K, reserved 1048576K
Event: 9183.788 GC heap after
Heap after GC invocations=72 (full 4):
 PSYoungGen      total 336384K, used 19852K [0x00000000e0000000, 0x00000000f6a80000, 0x0000000100000000)
  eden space 302592K, 0% used [0x00000000e0000000,0x00000000e0000000,0x00000000f2780000)
  from space 33792K, 58% used [0x00000000f4980000,0x00000000f5ce3208,0x00000000f6a80000)
  to   space 34304K, 0% used [0x00000000f2780000,0x00000000f2780000,0x00000000f4900000)
 ParOldGen       total 136704K, used 85599K [0x00000000a0000000, 0x00000000a8580000, 0x00000000e0000000)
  object space 136704K, 62% used [0x00000000a0000000,0x00000000a5397f30,0x00000000a8580000)
 Metaspace       used 90828K, capacity 99220K, committed 100992K, reserved 1136640K
  class space    used 11488K, capacity 13560K, committed 13952K, reserved 1048576K
}
Event: 9184.103 GC heap before
{Heap before GC invocations=73 (full 5):
 PSYoungGen      total 336384K, used 19852K [0x00000000e0000000, 0x00000000f6a80000, 0x0000000100000000)
  eden space 302592K, 0% used [0x00000000e0000000,0x00000000e0000000,0x00000000f2780000)
  from space 33792K, 58% used [0x00000000f4980000,0x00000000f5ce3208,0x00000000f6a80000)
  to   space 34304K, 0% used [0x00000000f2780000,0x00000000f2780000,0x00000000f4900000)
 ParOldGen       total 136704K, used 85599K [0x00000000a0000000, 0x00000000a8580000, 0x00000000e0000000)
  object space 136704K, 62% used [0x00000000a0000000,0x00000000a5397f30,0x00000000a8580000)
 Metaspace       used 90828K, capacity 99220K, committed 100992K, reserved 1136640K
  class space    used 11488K, capacity 13560K, committed 13952K, reserved 1048576K
Event: 9185.512 GC heap after
Heap after GC invocations=73 (full 5):
 PSYoungGen      total 336384K, used 0K [0x00000000e0000000, 0x00000000f6a80000, 0x0000000100000000)
  eden space 302592K, 0% used [0x00000000e0000000,0x00000000e0000000,0x00000000f2780000)
  from space 33792K, 0% used [0x00000000f4980000,0x00000000f4980000,0x00000000f6a80000)
  to   space 34304K, 0% used [0x00000000f2780000,0x00000000f2780000,0x00000000f4900000)
 ParOldGen       total 136704K, used 52689K [0x00000000a0000000, 0x00000000a8580000, 0x00000000e0000000)
  object space 136704K, 38% used [0x00000000a0000000,0x00000000a3374670,0x00000000a8580000)
 Metaspace       used 90824K, capacity 99214K, committed 100992K, reserved 1136640K
  class space    used 11487K, capacity 13559K, committed 13952K, reserved 1048576K
}

